ALSA lib pcm_dsnoop.c:572:(snd_pcm_dsnoop_open) [error.pcm] unable to open slave
ALSA lib pcm_dmix.c:1000:(snd_pcm_dmix_open) [error.pcm] unable to open slave
ALSA lib pcm.c:2722:(snd_pcm_open_noupdate) [error.pcm] Unknown PCM cards.pcm.rear
ALSA lib pcm.c:2722:(snd_pcm_open_noupdate) [error.pcm] Unknown PCM cards.pcm.center_lfe
ALSA lib pcm.c:2722:(snd_pcm_open_noupdate) [error.pcm] Unknown PCM cards.pcm.side
ALSA lib pcm_dmix.c:1000:(snd_pcm_dmix_open) [error.pcm] unable to open slave
ALSA lib pcm_dsnoop.c:572:(snd_pcm_dsnoop_open) [error.pcm] unable to open slave
ALSA lib pcm_dmix.c:1000:(snd_pcm_dmix_open) [error.pcm] unable to open slave
ALSA lib pcm.c:2722:(snd_pcm_open_noupdate) [error.pcm] Unknown PCM cards.pcm.rear
ALSA lib pcm.c:2722:(snd_pcm_open_noupdate) [error.pcm] Unknown PCM cards.pcm.center_lfe
ALSA lib pcm.c:2722:(snd_pcm_open_noupdate) [error.pcm] Unknown PCM cards.pcm.side
ALSA lib pcm_dmix.c:1000:(snd_pcm_dmix_open) [error.pcm] unable to open slave
ALSA lib pcm_dsnoop.c:572:(snd_pcm_dsnoop_open) [error.pcm] unable to open slave
ALSA lib pcm_dmix.c:1000:(snd_pcm_dmix_open) [error.pcm] unable to open slave
ALSA lib pcm.c:2722:(snd_pcm_open_noupdate) [error.pcm] Unknown PCM cards.pcm.rear
ALSA lib pcm.c:2722:(snd_pcm_open_noupdate) [error.pcm] Unknown PCM cards.pcm.center_lfe
ALSA lib pcm.c:2722:(snd_pcm_open_noupdate) [error.pcm] Unknown PCM cards.pcm.side
ALSA lib pcm_dmix.c:1000:(snd_pcm_dmix_open) [error.pcm] unable to open slave
aplay: set_params:1404: Channels count non available
ALSA lib pcm_dsnoop.c:572:(snd_pcm_dsnoop_open) [error.pcm] unable to open slave
ALSA lib pcm_dmix.c:1000:(snd_pcm_dmix_open) [error.pcm] unable to open slave
ALSA lib pcm.c:2722:(snd_pcm_open_noupdate) [error.pcm] Unknown PCM cards.pcm.rear
ALSA lib pcm.c:2722:(snd_pcm_open_noupdate) [error.pcm] Unknown PCM cards.pcm.center_lfe
ALSA lib pcm.c:2722:(snd_pcm_open_noupdate) [error.pcm] Unknown PCM cards.pcm.side
ALSA lib pcm_dmix.c:1000:(snd_pcm_dmix_open) [error.pcm] unable to open slave
ALSA lib pcm_dsnoop.c:572:(snd_pcm_dsnoop_open) [error.pcm] unable to open slave
ALSA lib pcm_dmix.c:1000:(snd_pcm_dmix_open) [error.pcm] unable to open slave
ALSA lib pcm.c:2722:(snd_pcm_open_noupdate) [error.pcm] Unknown PCM cards.pcm.rear
ALSA lib pcm.c:2722:(snd_pcm_open_noupdate) [error.pcm] Unknown PCM cards.pcm.center_lfe
ALSA lib pcm.c:2722:(snd_pcm_open_noupdate) [error.pcm] Unknown PCM cards.pcm.side
ALSA lib pcm_dmix.c:1000:(snd_pcm_dmix_open) [error.pcm] unable to open slave
aplay: set_params:1404: Channels count non available
ALSA lib pcm_dsnoop.c:572:(snd_pcm_dsnoop_open) [error.pcm] unable to open slave
ALSA lib pcm_dmix.c:1000:(snd_pcm_dmix_open) [error.pcm] unable to open slave
ALSA lib pcm.c:2722:(snd_pcm_open_noupdate) [error.pcm] Unknown PCM cards.pcm.rear
ALSA lib pcm.c:2722:(snd_pcm_open_noupdate) [error.pcm] Unknown PCM cards.pcm.center_lfe
ALSA lib pcm.c:2722:(snd_pcm_open_noupdate) [error.pcm] Unknown PCM cards.pcm.side
ALSA lib pcm_dmix.c:1000:(snd_pcm_dmix_open) [error.pcm] unable to open slave
ALSA lib pcm_dsnoop.c:572:(snd_pcm_dsnoop_open) [error.pcm] unable to open slave
ALSA lib pcm_dmix.c:1000:(snd_pcm_dmix_open) [error.pcm] unable to open slave
ALSA lib pcm.c:2722:(snd_pcm_open_noupdate) [error.pcm] Unknown PCM cards.pcm.rear
ALSA lib pcm.c:2722:(snd_pcm_open_noupdate) [error.pcm] Unknown PCM cards.pcm.center_lfe
ALSA lib pcm.c:2722:(snd_pcm_open_noupdate) [error.pcm] Unknown PCM cards.pcm.side
ALSA lib pcm_dmix.c:1000:(snd_pcm_dmix_open) [error.pcm] unable to open slave
ALSA lib pcm_dsnoop.c:572:(snd_pcm_dsnoop_open) [error.pcm] unable to open slave
ALSA lib pcm_dmix.c:1000:(snd_pcm_dmix_open) [error.pcm] unable to open slave
ALSA lib pcm.c:2722:(snd_pcm_open_noupdate) [error.pcm] Unknown PCM cards.pcm.rear
ALSA lib pcm.c:2722:(snd_pcm_open_noupdate) [error.pcm] Unknown PCM cards.pcm.center_lfe
ALSA lib pcm.c:2722:(snd_pcm_open_noupdate) [error.pcm] Unknown PCM cards.pcm.side
ALSA lib pcm_dmix.c:1000:(snd_pcm_dmix_open) [error.pcm] unable to open slave
