2026-02-09 10:09:24,989 - INFO - ✅ SpeechRecognition imported successfully
2026-02-09 10:09:24,990 - INFO - ✅ pyttsx3 imported successfully
2026-02-09 10:09:24,990 - INFO - 🎤 Initializing Final Voice-Ready Sara...
2026-02-09 10:09:24,990 - INFO - ✅ Configuration loaded
2026-02-09 10:09:24,990 - INFO - ✅ Speech recognition configured
2026-02-09 10:09:25,196 - INFO - ✅ K66 microphone found at index 6: K66: USB Audio (hw:2,0)
2026-02-09 10:09:25,207 - INFO - ✅ Microphone initialized
2026-02-09 10:09:25,221 - INFO - ✅ Female voice configured
2026-02-09 10:09:25,221 - INFO - ✅ TTS setup complete
2026-02-09 10:09:25,221 - INFO - ✅ Final Voice-Ready Sara initialized!
2026-02-09 10:09:25,221 - INFO - 🎤 Speech: Available
2026-02-09 10:09:25,222 - INFO - 🔊 Voice: Available
2026-02-09 10:09:25,232 - INFO - 🔊 Spoke: Voice recognition system fully operational! I can hear you clearly!
2026-02-09 10:09:25,232 - INFO - 🚀 Final Voice-Ready Sara starting...
2026-02-09 10:09:25,232 - INFO - 📋 System Status: Speech=True, TTS=True
2026-02-09 10:09:25,232 - INFO - 👂 Listening for wake word 'Sara'...
2026-02-09 10:09:26,252 - INFO - 🔊 Spoke: Voice recognition system ready! I'm listening on the K66 microphone. Say 'Sara' to activate!
2026-02-09 10:09:26,268 - INFO - 🎤 Listening...
2026-02-09 10:09:37,784 - WARNING - Could not understand speech
2026-02-09 10:09:37,979 - INFO - 🎤 Listening...
2026-02-09 10:09:37,980 - ERROR - Listen error: 'NoneType' object has no attribute 'close'
