[2026-02-11 09:51:43] [SARA] [INFO] SARA Enhanced - Session a3440407732c
[2026-02-11 09:51:43] [SARA] [INFO] === ALL CAPABILITIES DEMONSTRATION ===
[2026-02-11 09:51:43] [SARA] [INFO] 1. Getting system and user information...
[2026-02-11 09:51:43] [SARA] [INFO] === SYSTEM IDENTIFICATION ===
[2026-02-11 09:51:43] [SARA] [INFO] System Hostname: DESKTOP-19SGUQU
[2026-02-11 09:51:43] [SARA] [INFO] System Info: Linux DESKTOP-19SGUQU 6.18.8-200.fc43.x86_64 #1 SMP PREEMPT_DYNAMIC Fri Jan 30 20:23:28 UTC 2026 x86_64 GNU/Linux
[2026-02-11 09:51:43] [SARA] [INFO] Current User: godfather
[2026-02-11 09:51:43] [SARA] [INFO] User Info: godfather (UID: 1000)
[2026-02-11 09:51:43] [SARA] [INFO] 2. Checking detailed firewall status...
[2026-02-11 09:51:43] [SARA] [INFO] === DETAILED FIREWALL STATUS ===
[2026-02-11 09:51:43] [SARA] [INFO] Firewall Status: RUNNING
[2026-02-11 09:51:43] [SARA] [INFO] Default Zone: FedoraWorkstation
[2026-02-11 09:51:43] [SARA] [INFO] Active Zones: FedoraWorkstation (default)
  interfaces: eno1
[2026-02-11 09:51:43] [SARA] [INFO] Retrieved all zone configurations
[2026-02-11 09:51:44] [SARA] [INFO] Allowed Services: dhcpv6-client
[2026-02-11 09:51:44] [SARA] [INFO] Open Ports: 
[2026-02-11 09:51:44] [SARA] [INFO] 3. Performing advanced file operations...
[2026-02-11 09:51:44] [SARA] [INFO] === ADVANCED FILE OPERATIONS ===
[2026-02-11 09:51:44] [SARA] [INFO] ✓ Created directory: /home/godfather/.openclaw/workspace/sara_test_operations
[2026-02-11 09:51:44] [SARA] [INFO] ✓ Created file: /home/godfather/.openclaw/workspace/sara_test_operations/test_file_1.txt
[2026-02-11 09:51:44] [SARA] [INFO] ✓ Created file: /home/godfather/.openclaw/workspace/sara_test_operations/test_file_2.txt
[2026-02-11 09:51:44] [SARA] [INFO] ✓ Created file: /home/godfather/.openclaw/workspace/sara_test_operations/test_file_3.txt
[2026-02-11 09:51:44] [SARA] [INFO] ✓ File 1 content: SARA test file 1 - Created at 2026-02-11 09:51:44....
[2026-02-11 09:51:44] [SARA] [INFO] ✓ File 2 content: SARA test file 2 - Created at 2026-02-11 09:51:44....
[2026-02-11 09:51:44] [SARA] [INFO] ✓ File 3 content: SARA test file 3 - Created at 2026-02-11 09:51:44....
[2026-02-11 09:51:44] [SARA] [INFO] ✓ Moved test_file_1.txt -> subdir/
[2026-02-11 09:51:44] [SARA] [INFO] ✓ Moved test_file_2.txt -> subdir/
[2026-02-11 09:51:44] [SARA] [INFO] ✓ Moved test_file_3.txt -> subdir/
[2026-02-11 09:51:44] [SARA] [INFO] ✓ Deleted: test_file_1.txt
[2026-02-11 09:51:44] [SARA] [INFO] ✓ Deleted: test_file_2.txt
[2026-02-11 09:51:44] [SARA] [INFO] ✓ Deleted: test_file_3.txt
[2026-02-11 09:51:44] [SARA] [INFO] ✓ All test operations completed successfully
[2026-02-11 09:51:44] [SARA] [INFO] 4. Discovering system IP addresses...
[2026-02-11 09:51:44] [SARA] [INFO] === SYSTEM IP ADDRESS DISCOVERY ===
[2026-02-11 09:51:44] [SARA] [INFO] Local IP: 10.211.144.110
[2026-02-11 09:51:44] [SARA] [INFO] Public IP: 2603:6081:1600:192b:75ea:d9e7:5fa6:5fc
[2026-02-11 09:51:44] [SARA] [INFO] 5. Scanning local network...
[2026-02-11 09:51:44] [SARA] [INFO] === LOCAL NETWORK SCAN: 192.168.1.0/24 ===
[2026-02-11 09:51:44] [SARA] [INFO] Using ping scan (nmap not available)
