[2026-02-11 08:59:25] [e062ff5442009de1] [INFO] Starting autonomous security audit - Session e062ff5442009de1
[2026-02-11 08:59:25] [e062ff5442009de1] [INFO] === PRIVILEGE AUDIT ===
[2026-02-11 08:59:25] [e062ff5442009de1] [INFO] Current UID: 1000, GID: 1000, EUID: 1000
[2026-02-11 08:59:25] [e062ff5442009de1] [INFO] Group membership: 
[2026-02-11 08:59:27] [e062ff5442009de1] [INFO] SUDO ACCESS: Not available without password
[2026-02-11 08:59:27] [e062ff5442009de1] [INFO] === FILE PERMISSIONS AUDIT ===
[2026-02-11 08:59:27] [e062ff5442009de1] [INFO] autonomous_security_audit.py: 755 (UID:1000 GID:1000)
[2026-02-11 08:59:27] [e062ff5442009de1] [INFO] sara_autonomous_fixed.py: 644 (UID:1000 GID:1000)
[2026-02-11 08:59:27] [e062ff5442009de1] [INFO] Fixed permissions for sara_autonomous_fixed.py: 755
[2026-02-11 08:59:27] [e062ff5442009de1] [INFO] agent_command_center.py: 755 (UID:1000 GID:1000)
[2026-02-11 08:59:27] [e062ff5442009de1] [INFO] === NETWORK AUDIT ===
[2026-02-11 08:59:27] [e062ff5442009de1] [INFO] Found 12 listening ports
[2026-02-11 08:59:27] [e062ff5442009de1] [INFO] Listening: tcp        0      0 127.0.0.1:11434         0.0.0.0:*               LISTEN      -                   
[2026-02-11 08:59:27] [e062ff5442009de1] [INFO] Listening: tcp        0      0 127.0.0.54:53           0.0.0.0:*               LISTEN      -                   
[2026-02-11 08:59:27] [e062ff5442009de1] [INFO] Listening: tcp        0      0 0.0.0.0:5355            0.0.0.0:*               LISTEN      -                   
[2026-02-11 08:59:27] [e062ff5442009de1] [INFO] Listening: tcp        0      0 127.0.0.53:53           0.0.0.0:*               LISTEN      -                   
[2026-02-11 08:59:27] [e062ff5442009de1] [INFO] Listening: tcp        0      0 127.0.0.1:18792         0.0.0.0:*               LISTEN      1679/openclaw-gatew 
[2026-02-11 08:59:27] [e062ff5442009de1] [INFO] === FIREWALL AUDIT ===
[2026-02-11 08:59:27] [e062ff5442009de1] [INFO] Firewall: RUNNING
[2026-02-11 08:59:28] [e062ff5442009de1] [INFO] Firewall rules: FedoraWorkstation (default, active)
  target: default
  ingress-priority: 0
  egress-priority: 0
  icmp-block-inversion: no
  interfaces: eno1
  sources: 
  services: dhcpv6-client
  ports: 
  protocols: 
  forward: yes
  masquerade: no
  forward-ports: 
  source-ports: 
  icmp-blocks: 
  rich rules: 

[2026-02-11 08:59:28] [e062ff5442009de1] [INFO] === SECURITY HARDENING ===
[2026-02-11 08:59:28] [e062ff5442009de1] [INFO] Security configuration saved to /home/godfather/.openclaw/workspace/autonomous_security_config.json
[2026-02-11 08:59:28] [e062ff5442009de1] [INFO] Self-protection: File permissions tightened
[2026-02-11 08:59:28] [e062ff5442009de1] [INFO] === AUTONOMOUS OPERATIONS TEST ===
[2026-02-11 08:59:28] [e062ff5442009de1] [INFO] DIRECT PYTHON EXECUTION: SUCCESS
[2026-02-11 08:59:28] [e062ff5442009de1] [INFO] Test output: Autonomous execution test successful
Direct system access confirmed


[2026-02-11 08:59:28] [e062ff5442009de1] [INFO] === PACKAGE INSTALLATION ===
[2026-02-11 08:59:28] [e062ff5442009de1] [INFO] Installing python3-psutil...
[2026-02-11 08:59:28] [e062ff5442009de1] [INFO] Successfully installed python3-psutil with pip
[2026-02-11 08:59:28] [e062ff5442009de1] [INFO] Installing nmap...
[2026-02-11 08:59:28] [e062ff5442009de1] [INFO] Successfully installed nmap with pip
[2026-02-11 08:59:28] [e062ff5442009de1] [INFO] Installing curl...
[2026-02-11 08:59:29] [e062ff5442009de1] [INFO] Successfully installed curl with pip
[2026-02-11 08:59:29] [e062ff5442009de1] [INFO] === COMPREHENSIVE SECURITY SCAN ===
[2026-02-11 08:59:31] [e062ff5442009de1] [INFO] System health - CPU: 1.3%, Memory: 14.1%, Disk: 9.0%
[2026-02-11 08:59:31] [e062ff5442009de1] [INFO] Security scan results saved to /home/godfather/.openclaw/workspace/security_scan_e062ff5442009de1.json
[2026-02-11 08:59:31] [e062ff5442009de1] [INFO] === GENERATING REPORT ===
[2026-02-11 08:59:31] [e062ff5442009de1] [INFO] Full report generated: /home/godfather/.openclaw/workspace/autonomous_security_report_e062ff5442009de1.md
[2026-02-11 08:59:31] [e062ff5442009de1] [INFO] Audit completed in 5.34 seconds
